<?xml version="1.0" encoding="UTF-8"?>
<testsuite name="com.example.catsapi.CatsApiApplicationTests" tests="1" skipped="0" failures="0" errors="0" timestamp="2023-09-17T15:48:13" hostname="iMac-Sergey.local" time="0.521">
  <properties/>
  <testcase name="contextLoads()" classname="com.example.catsapi.CatsApiApplicationTests" time="0.521"/>
  <system-out><![CDATA[17:48:08.974 [Test worker] INFO org.springframework.test.context.support.AnnotationConfigContextLoaderUtils -- Could not detect default configuration classes for test class [com.example.catsapi.CatsApiApplicationTests]: CatsApiApplicationTests does not declare any static, non-private, non-final, nested classes annotated with @Configuration.
17:48:09.083 [Test worker] INFO org.springframework.boot.test.context.SpringBootTestContextBootstrapper -- Found @SpringBootConfiguration com.example.catsapi.CatsApiApplication for test class com.example.catsapi.CatsApiApplicationTests

  .   ____          _            __ _ _
 /\\ / ___'_ __ _ _(_)_ __  __ _ \ \ \ \
( ( )\___ | '_ | '_| | '_ \/ _` | \ \ \ \
 \\/  ___)| |_)| | | | | || (_| |  ) ) ) )
  '  |____| .__|_| |_|_| |_\__, | / / / /
 =========|_|==============|___/=/_/_/_/
 :: Spring Boot ::                (v3.1.3)

2023-09-17T17:48:09.615+02:00  INFO 4247 --- [    Test worker] c.e.catsapi.CatsApiApplicationTests      : Starting CatsApiApplicationTests using Java 20.0.1 with PID 4247 (started by serg in /Users/serg/Desktop/Projects/cats-api)
2023-09-17T17:48:09.616+02:00  INFO 4247 --- [    Test worker] c.e.catsapi.CatsApiApplicationTests      : No active profile set, falling back to 1 default profile: "default"
2023-09-17T17:48:10.304+02:00  INFO 4247 --- [    Test worker] .s.d.r.c.RepositoryConfigurationDelegate : Bootstrapping Spring Data JPA repositories in DEFAULT mode.
2023-09-17T17:48:10.371+02:00  INFO 4247 --- [    Test worker] .s.d.r.c.RepositoryConfigurationDelegate : Finished Spring Data repository scanning in 58 ms. Found 1 JPA repository interfaces.
2023-09-17T17:48:10.939+02:00  INFO 4247 --- [    Test worker] o.f.c.internal.license.VersionPrinter    : Flyway Community Edition 9.16.3 by Redgate
2023-09-17T17:48:10.939+02:00  INFO 4247 --- [    Test worker] o.f.c.internal.license.VersionPrinter    : See release notes here: https://rd.gt/416ObMi
2023-09-17T17:48:10.939+02:00  INFO 4247 --- [    Test worker] o.f.c.internal.license.VersionPrinter    : 
2023-09-17T17:48:10.949+02:00  INFO 4247 --- [    Test worker] com.zaxxer.hikari.HikariDataSource       : HikariPool-1 - Starting...
2023-09-17T17:48:11.065+02:00  INFO 4247 --- [    Test worker] com.zaxxer.hikari.pool.HikariPool        : HikariPool-1 - Added connection org.postgresql.jdbc.PgConnection@740dcae3
2023-09-17T17:48:11.067+02:00  INFO 4247 --- [    Test worker] com.zaxxer.hikari.HikariDataSource       : HikariPool-1 - Start completed.
2023-09-17T17:48:11.083+02:00  INFO 4247 --- [    Test worker] o.f.c.i.database.base.BaseDatabaseType   : Database: jdbc:postgresql://localhost:5444/cats-api (PostgreSQL 12.16)
2023-09-17T17:48:11.131+02:00  INFO 4247 --- [    Test worker] o.f.core.internal.command.DbValidate     : Successfully validated 1 migration (execution time 00:00.025s)
2023-09-17T17:48:11.160+02:00  INFO 4247 --- [    Test worker] o.f.core.internal.command.DbMigrate      : Current version of schema "public": 1.0.0
2023-09-17T17:48:11.165+02:00  INFO 4247 --- [    Test worker] o.f.core.internal.command.DbMigrate      : Schema "public" is up to date. No migration necessary.
2023-09-17T17:48:11.339+02:00  INFO 4247 --- [    Test worker] o.hibernate.jpa.internal.util.LogHelper  : HHH000204: Processing PersistenceUnitInfo [name: default]
2023-09-17T17:48:11.392+02:00  INFO 4247 --- [    Test worker] org.hibernate.Version                    : HHH000412: Hibernate ORM core version 6.2.7.Final
2023-09-17T17:48:11.395+02:00  INFO 4247 --- [    Test worker] org.hibernate.cfg.Environment            : HHH000406: Using bytecode reflection optimizer
2023-09-17T17:48:11.575+02:00  INFO 4247 --- [    Test worker] o.h.b.i.BytecodeProviderInitiator        : HHH000021: Bytecode provider name : bytebuddy
2023-09-17T17:48:11.735+02:00  INFO 4247 --- [    Test worker] o.s.o.j.p.SpringPersistenceUnitInfo      : No LoadTimeWeaver setup: ignoring JPA class transformer
2023-09-17T17:48:11.989+02:00  INFO 4247 --- [    Test worker] o.h.b.i.BytecodeProviderInitiator        : HHH000021: Bytecode provider name : bytebuddy
2023-09-17T17:48:12.510+02:00  INFO 4247 --- [    Test worker] o.h.e.t.j.p.i.JtaPlatformInitiator       : HHH000490: Using JtaPlatform implementation: [org.hibernate.engine.transaction.jta.platform.internal.NoJtaPlatform]
2023-09-17T17:48:12.514+02:00  INFO 4247 --- [    Test worker] j.LocalContainerEntityManagerFactoryBean : Initialized JPA EntityManagerFactory for persistence unit 'default'
2023-09-17T17:48:12.878+02:00  WARN 4247 --- [    Test worker] JpaBaseConfiguration$JpaWebConfiguration : spring.jpa.open-in-view is enabled by default. Therefore, database queries may be performed during view rendering. Explicitly configure spring.jpa.open-in-view to disable this warning
2023-09-17T17:48:13.240+02:00  INFO 4247 --- [    Test worker] c.e.catsapi.CatsApiApplicationTests      : Started CatsApiApplicationTests in 4.0 seconds (process running for 5.304)
]]></system-out>
  <system-err><![CDATA[]]></system-err>
</testsuite>
